Reading trace log file ../parsed2/fib.log.rck000.cub00.skt0.cls000.blk00.XE.00 ...
[PC 0x3ef00] Executed 'load64ri': Output: r80=0x0000000000030100, Input: r70=0x000000000003eb00, imm=0x0000000000000000
[PC 0x3ef18] Executed 'jcfir': Input: imm=0x0000000000000004, r82=0x0000000000003080, r82=0x0000000000003080, sign_extend=0
[PC 0x3ef20] Executed 'dma_copy8': Input: r80=0x0000000000030100, r81=0x000024001ff00140, r82=0x0000000000003080, dma_type=0x0000000000000000
[PC 0x3ef28] Executed 'addI64i': Output: r70=0x000000000003eb18, Input: r70=0x000000000003eb00, imm=0x0000000000000018, sign_extend=0
[PC 0x3ef30] Executed 'jreli': Input: imm=0xfffffffffffffffa, sign_extend=1
[PC 0x3ef38] Executed 'fence': Input: imm=0x000000000000000f, blocking=1
[PC 0x3ef40] Executed 'jabsr': Input: r71=0x0000280000010220
[PC 0x280000010220] Executed 'subI64i': Output: r509=0x000000000003efe0, Input: r509=0x000000000003f000, imm=0x0000000000000020, sign_extend=0
[PC 0x280000010228] Executed 'store64ri': Input: r319=0x0000000000000000, r509=0x000000000003efe0, imm=0x0000000000000018
[PC 0x280000010248] Executed 'bit64op1i': Output: r319=0x000000000003f358, Input: r0=0x000000000003f358, imm28=0x0000000000000000, imm4=0x000000000000000e
[PC 0x280000010258] Executed 'movimm32': Output: r1=0x0000000000000000, Input: imm=0x0000000000000000
[PC 0x280000010268] Executed 'jlabsr': Output: r511=0x0000280000010270, Input: r3=0x0000280000029d80
[PC 0x280000029e40] Executed 'cmpimm': Output: r0=0x000000000003f358, Input: r1=0x0000000000000000, imm20=0x0000000000000006, imm6_1=0x0000000000000000, imm6_2=0x0000000000000025, sign_extend=0, r0_input=0x000000000003f358
[PC 0x280000029e50] Executed 'jcfii': Input: imm=0x000000000000001e, r0=0x0000000000000000, imm=0x0000000000000000, sign_extend=0
[PC 0x280000029f40] Executed 'bit32op1i': Output: r319=0x0000000000000111, Input: r66=0x0000000000003111, imm28=0x000000000fff4fff, imm4=0x0000000000000008
[PC 0x280000029f58] Executed 'cvtXtoY': Output: r0=0x0000000000000000, Input: r1=0x0000000000000000, imm1=0x0000000000000009, imm2=0x0000000000000006
[PC 0x280000029f60] Executed 'sll64i': Output: r0=0x0000000000000000, Input: r0=0x0000000000000000, imm=0x0000000000000003
[PC 0x280000029f68] Executed 'movimm64': Output: r1=0x0000000000031c18, Input: imm=0x0000000000031c18
[PC 0x280000029f70] Executed 'load64rr': Output: r0=0x0000280000029f80, Input: r0=0x0000000000000000, r1=0x0000000000031c18
[PC 0x280000029f88] Executed 'slr32i': Output: r1=0x0000000000000001, Input: r0=0x0000000000000100, imm=0x0000000000000008
[PC 0x280000029fa0] Executed 'jctii': Input: imm=0x00000000000002b4, r1=0x0000000000000000, imm=0x0000000000000000, sign_extend=0
[PC 0x280000029fa8] Executed 'movimm8': Output: r1=0x0000000000000011, Input: imm=0x0000000000000011
[PC 0x280000029fb0] Executed 'store8ri': Input: r1=0x0000000000000011, r64=0x000000000003f358, imm=0x00000000000000f9
[PC 0x28000002a118] Executed 'load64i': Output: r1=0x1000000000030000, Input: imm=0x000000000002a060
[PC 0x28000002a130] Executed 'movimmshf32': Output: r2=0x0fffffffff800000, Input: r2=0x000000000fffffff, imm=0x00000000ff800000
[PC 0x28000002a138] Executed 'bit64op1r': Output: r1=0x0000000000000000, Input: r1=0x1000000000030000, r2=0x0fffffffff800000, imm=0x0000000000000008
[PC 0x28000002b580] Executed 'addI32i': Output: r71=0x0000000000000001, Input: r68=0x0000000000000002, imm=0x00000000ffffffff, sign_extend=1
[PC 0x28000002b588] Executed 'load32ri': Output: r72=0x0000000000000001, Input: r64=0x000000000003f358, imm=0x0000000000000070
[PC 0x28000002b5a0] Executed 'bit8op1i': Output: r74=0x0000000000000000, Input: r73=0x0000000000000001, imm28=0x0000000000000001, imm4=0x0000000000000006
[PC 0x28000002b5b0] Executed 'subI32r': Output: r0=0x0000000000000001, Input: r71=0x0000000000000001, r69=0x0000000000000000
[PC 0x28000002b5b8] Executed 'select32': Output: r66=0x0000000000000000, Input: r69=0x0000000000000000, r0=0x0000000000000001, r73=0x0000000000000001
[PC 0x28000002b5e0] Executed 'jlreli': Output: r511=0x000028000002b5e8, Input: imm=0x0000000000000220, sign_extend=0
[PC 0x28000002c7d0] Executed 'bit8op1r': Output: r64=0x0000000000000000, Input: r1=0x0000000000000000, r64=0x0000000000000000, imm=0x000000000000000e
[PC 0x2800000226e8] Executed 'sll32r': Output: r5=0x0000000000000001, Input: r6=0x0000000000000001, r5=0x0000000000000000
[PC 0x28000002b6c0] Executed 'cmp32i': Output: r0=0x0000000000000001, Input: r77=0x0000000000000001, r72=0x0000000000000001, imm1=0x0000000000000000, imm2=0x0000000000000024, r0_input=0x0000000000000000
[PC 0x28000002b718] Executed 'addI64r': Output: r2=0x000000000003f42d, Input: r70=0x000000000003f450, r1=0xffffffffffffffdd
[PC 0x28000002b720] Executed 'load8ri': Output: r3=0x0000000000000011, Input: r2=0x000000000003f42d, imm=0x0000000000000024
[PC 0x28000002b748] Executed 'sar32i': Output: r6=0x0000000000000001, Input: r3=0x0000000000000011, imm=0x0000000000000004
[PC 0x28000002b7d0] Executed 'bit32op1r': Output: r6=0x0000000000000001, Input: r5=0x0000000000000001, r75=0x000000000fffffff, imm=0x0000000000000008
[PC 0x28000002b8b0] Executed 'sll32i': Output: r4=0x0000000000000010, Input: r4=0x0000000000000001, imm=0x0000000000000004
[PC 0x28000002a198] Executed 'sar32r': Output: r0=0x0000000000000011, Input: r0=0x0000000000000011, r1=0x0000000000000000
[PC 0x280000032360] Executed 'store64i': Input: r2=0x0000000000000000, imm=0x0000000000030000
[PC 0x280000032468] Executed 'slr64i': Output: r1=0x0000080000000001, Input: r1=0x1000000000030000, imm=0x0000000000000011
[PC 0x280000009338] Executed 'cmp64i': Output: r1=0x00000000000331c9, Input: r319=0x00000000000331c8, r2=0x0000000000038100, imm1=0x0000000000000000, imm2=0x0000000000000023, r1_input=0x00000000000331c8
[PC 0x280000009410] Executed 'cmpxchg32r': Output: r4=0x0000000000000000, Input: r1=0x0000000000033208, r3=0x0000000000000000
[PC 0x2800000094a8] Executed 'store32ri': Input: r1=0x0000000000000001, r319=0x00000000000331c8, imm=0x0000000000000048
[PC 0x2800000094d0] Executed 'fmaI64': Output: r3=0x0000000000033398, Input: r4=0x0000000000000010, r3=0x0000000000000018, r1=0x0000000000033218
[PC 0x280000009508] Executed 'mulI64i': Output: r0=0x0000000000000280, Input: r4=0x0000000000000010, imm=0x0000000000000028, sign_extend=0
[PC 0x280000008e30] Executed 'mulhU64r': Output: r1=0x0000000000000200, r508=0x0000000000000080, Input: r3=0x0000000000000280, r2=0xcccccccccccccccd
[PC 0x280000008e48] Executed 'subI64r': Output: r2=0x0000000000000000, Input: r3=0x0000000000000280, r2=0x0000000000000280
[PC 0x280000008f40] Executed 'sll64r': Output: r3=0x000000000000ffff, Input: r3=0x000000000000ffff, r2=0x0000000000000000
[PC 0x280000008658] Executed 'select64': Output: r0=0x0000ffff00000000, Input: r0=0x000000000000ffff, r3=0x0000ffff00000000, r2=0x0000000000000000
[PC 0x280000008740] Executed 'sar64i': Output: r0=0xffffffffffffffff, Input: r0=0xffff000000000000, imm=0x000000000000003f
[PC 0x280000008750] Executed 'addI32r': Output: r1=0x000000000000000f, Input: r1=0x000000000000000f, r0=0x0000000000000000
[PC 0x2800000097f0] Executed 'bclr64r': Output: r1=0x0000000000007fff, Input: r1=0x000000000000ffff, r0=0x000000000000000f
[PC 0x28000000a760] Executed 'bset64r': Output: r1=0x000000000000ffff, Input: r2=0x0000000000007fff, r1=0x000000000000000f
[PC 0x28000000ac78] Executed 'store64rr': Input: r1=0x00000000000335f8, r0=0x0000000000033218, r2=0x0000000000000000
[PC 0x280000033bd8] Executed 'lea': Output: r0=0x1000000000033628, Input: r0=0x0000000000033628
[PC 0x280000033bf8] Executed 'bset64i': Output: r1=0x0000200000033628, Input: r0=0x0000000000033628, imm=0x000000000000002d
[PC 0x280000034b18] Executed 'store32rr': Input: r0=0x0000000000004788, r69=0x0000200000033628, r1=0x00000000000002a0
[PC 0x280000034d98] Executed 'slr64r': Output: r1=0x0000000000000011, Input: r71=0x00000000000008ed, r1=0x0000000000000007
[PC 0x2800000327a8] Executed 'cmpxchg64r': Output: r2=awaiting remote response, Input: r1=0x0000000000810000, r0=0x0000000000000000
[PC 0x280000032b88] Executed 'xchg64r': Output: r1=awaiting remote response, Input: r0=0x0000000000810000
[PC 0x280000032bd0] Executed 'alarm1': Input: imm=0x00000000000000f1
[PC 0x280000031398] Executed 'movimm16': Output: r3=0x0000000000007000, Input: imm=0x0000000000007000
[PC 0x28000002d488] Executed 'sll16i': Output: r1=0x0000000000000000, Input: r1=0x0000000000000000, imm=0x0000000000000008
[PC 0x28000002d490] Executed 'bit16op1r': Output: r0=0x0000000000000000, Input: r1=0x0000000000000000, r0=0x0000000000000000, imm=0x000000000000000e
[PC 0x280000035268] Executed 'negI64': Output: r1=0xffffffffffffff00, Input: r0=0x0000000000000100
[PC 0x280000035448] Executed 'load32rr': Output: r0=0x0000000000004788, Input: r1=0x00002000000338c8, r2=0x0000000000000000
[PC 0x28000003e908] Executed 'bclr64i': Output: r0=0x0000000000000000, Input: r0=0x0000000000000000, imm=0x000000000000002e
[PC 0x280000031940] Executed 'slr8i': Output: r0=0x0000000000000006, Input: r0=0x0000000000000060, imm=0x0000000000000004
[PC 0x280000010048] Executed 'remU64r': Output: r3=0x0000000000000000, Input: r4=0x000000000000000a, r10=0x000000000000000a
[PC 0x280000010078] Executed 'divU64r': Output: r4=0x0000000000000001, Input: r4=0x000000000000000a, r10=0x000000000000000a
[PC 0x280000010100] Executed 'select8': Output: r4=0x0000000000000078, Input: r5=0x0000000000000058, r4=0x0000000000000078, r6=0x0000000000000000

ALL INSTRUCTIONS:
load64ri
jcfir
dma_copy8
addI64i
jreli
fence
jabsr
subI64i
store64ri
bit64op1i
movimm32
jlabsr
cmpimm
jcfii
bit32op1i
cvtXtoY
sll64i
movimm64
load64rr
slr32i
jctii
movimm8
store8ri
load64i
movimmshf32
bit64op1r
addI32i
load32ri
bit8op1i
subI32r
select32
jlreli
bit8op1r
sll32r
cmp32i
addI64r
load8ri
sar32i
bit32op1r
sll32i
sar32r
store64i
slr64i
cmp64i
cmpxchg32r
store32ri
fmaI64
mulI64i
mulhU64r
subI64r
sll64r
select64
sar64i
addI32r
bclr64r
bset64r
store64rr
lea
bset64i
store32rr
slr64r
cmpxchg64r
xchg64r
alarm1
movimm16
sll16i
bit16op1r
negI64
load32rr
bclr64i
slr8i
remU64r
divU64r
select8

